<?xml version="1.0" encoding="UTF-8"?>
<!-- Generated by org.testng.reporters.JUnitXMLReporter -->
<testsuite hostname="DESKTOP-UR46BPM" name="cloudfy Test" tests="7" failures="4" timestamp="26 Jul 2021 12:42:07 GMT" time="109.803" errors="0">
  <testcase name="logintest" time="3.82" classname="com.inetbanking.testCases.TC_Login_Test001"/>
  <testcase name="loginDDT" time="6.281" classname="com.inetbanking.testCases.TC_Login_DDT_002">
    <failure type="java.lang.AssertionError" message="expected [true] but found [false]">
      <![CDATA[java.lang.AssertionError: expected [true] but found [false]
	at com.inetbanking.testCases.TC_Login_DDT_002.loginDDT(TC_Login_DDT_002.java:66)
... Removed 31 stack frames]]>
    </failure>
  </testcase> <!-- loginDDT -->
  <testcase name="loginDDT" time="6.477" classname="com.inetbanking.testCases.TC_Login_DDT_002">
    <failure type="java.lang.AssertionError" message="expected [true] but found [false]">
      <![CDATA[java.lang.AssertionError: expected [true] but found [false]
	at com.inetbanking.testCases.TC_Login_DDT_002.loginDDT(TC_Login_DDT_002.java:66)
... Removed 31 stack frames]]>
    </failure>
  </testcase> <!-- loginDDT -->
  <testcase name="loginDDT" time="24.939" classname="com.inetbanking.testCases.TC_Login_DDT_002"/>
  <testcase name="loginDDT" time="7.067" classname="com.inetbanking.testCases.TC_Login_DDT_002">
    <failure type="java.lang.AssertionError" message="expected [true] but found [false]">
      <![CDATA[java.lang.AssertionError: expected [true] but found [false]
	at com.inetbanking.testCases.TC_Login_DDT_002.loginDDT(TC_Login_DDT_002.java:66)
... Removed 31 stack frames]]>
    </failure>
  </testcase> <!-- loginDDT -->
  <testcase name="register" time="4.118" classname="com.inetbanking.testCases.TC_Register_Test003">
    <failure type="java.lang.AssertionError" message="expected [true] but found [false]">
      <![CDATA[java.lang.AssertionError: expected [true] but found [false]
	at com.inetbanking.testCases.TC_Register_Test003.register(TC_Register_Test003.java:52)
... Removed 31 stack frames]]>
    </failure>
  </testcase> <!-- register -->
  <testcase name="Catclick" time="10.116" classname="com.inetbanking.testCases.TC_Categ_Test004"/>
</testsuite> <!-- cloudfy Test -->
