<!DOCTYPE html PUBLIC "-//W3C//DTD XHTML 1.1//EN" "http://www.w3.org/TR/xhtml11/DTD/xhtml11.dtd">
<html xmlns="http://www.w3.org/1999/xhtml"><head><title>TestNG Report</title><style type="text/css">table {margin-bottom:10px;border-collapse:collapse;empty-cells:show}th,td {border:1px solid #009;padding:.25em .5em}th {vertical-align:bottom}td {vertical-align:top}table a {font-weight:bold}.stripe td {background-color: #E6EBF9}.num {text-align:right}.passedodd td {background-color: #3F3}.passedeven td {background-color: #0A0}.skippedodd td {background-color: #DDD}.skippedeven td {background-color: #CCC}.failedodd td,.attn {background-color: #F33}.failedeven td,.stripe .attn {background-color: #D00}.stacktrace {white-space:pre;font-family:monospace}.totop {font-size:85%;text-align:center;border-bottom:2px solid #000}</style></head><body><table><tr><th>Test</th><th># Passed</th><th># Skipped</th><th># Failed</th><th>Time (ms)</th><th>Included Groups</th><th>Excluded Groups</th></tr><tr><th colspan="7">cloudfy</th></tr><tr><td><a href="#t0">cloudfy Test</a></td><td class="num">3</td><td class="num">0</td><td class="num attn">4</td><td class="num">109,803</td><td></td><td></td></tr><tr class="stripe"><td><a href="#t1">cloudfy Test1</a></td><td class="num">0</td><td class="num">0</td><td class="num">0</td><td class="num">3</td><td></td><td></td></tr><tr><th>Total</th><th class="num">3</th><th class="num">0</th><th class="num attn">4</th><th class="num">109,806</th><th colspan="2"></th></tr></table><table><thead><tr><th>Class</th><th>Method</th><th>Start</th><th>Time (ms)</th></tr></thead><tbody><tr><th colspan="4">cloudfy</th></tr></tbody><tbody id="t0"><tr><th colspan="4">cloudfy Test &#8212; failed</th></tr><tr class="failedeven"><td rowspan="3">com.inetbanking.testCases.TC_Login_DDT_002</td><td><a href="#m0">loginDDT</a></td><td rowspan="3">1627303252119</td><td rowspan="3">6477</td></tr><tr class="failedeven"><td><a href="#m1">loginDDT</a></td></tr><tr class="failedeven"><td><a href="#m2">loginDDT</a></td></tr><tr class="failedodd"><td rowspan="1">com.inetbanking.testCases.TC_Register_Test003</td><td><a href="#m3">register</a></td><td rowspan="1">1627303301736</td><td rowspan="1">4118</td></tr><tr><th colspan="4">cloudfy Test &#8212; passed</th></tr><tr class="passedeven"><td rowspan="1">com.inetbanking.testCases.TC_Categ_Test004</td><td><a href="#m4">Catclick</a></td><td rowspan="1">1627303316799</td><td rowspan="1">10116</td></tr><tr class="passedodd"><td rowspan="1">com.inetbanking.testCases.TC_Login_DDT_002</td><td><a href="#m5">loginDDT</a></td><td rowspan="1">1627303258596</td><td rowspan="1">24939</td></tr><tr class="passedeven"><td rowspan="1">com.inetbanking.testCases.TC_Login_Test001</td><td><a href="#m6">logintest</a></td><td rowspan="1">1627303231809</td><td rowspan="1">3820</td></tr></tbody><tbody id="t1"></tbody></table><h2>cloudfy Test</h2><h3 id="m0">com.inetbanking.testCases.TC_Login_DDT_002#loginDDT</h3><table class="result"><tr class="param"><th>Parameter #1</th><th>Parameter #2</th></tr><tr class="param stripe"><td>sure@williamscommerce.com</td><td>123456</td></tr><tr><th colspan="2">Exception</th></tr><tr><td colspan="2"><div class="stacktrace">java.lang.AssertionError: expected [true] but found [false]
	at com.inetbanking.testCases.TC_Login_DDT_002.loginDDT(TC_Login_DDT_002.java:66)
... Removed 31 stack frames</div></td></tr></table><p class="totop"><a href="#summary">back to summary</a></p><h3 id="m1">com.inetbanking.testCases.TC_Login_DDT_002#loginDDT</h3><table class="result"><tr class="param"><th>Parameter #1</th><th>Parameter #2</th></tr><tr class="param stripe"><td>suresh@williamscommerce.com</td><td>123</td></tr><tr><th colspan="2">Exception</th></tr><tr><td colspan="2"><div class="stacktrace">java.lang.AssertionError: expected [true] but found [false]
	at com.inetbanking.testCases.TC_Login_DDT_002.loginDDT(TC_Login_DDT_002.java:66)
... Removed 31 stack frames</div></td></tr></table><p class="totop"><a href="#summary">back to summary</a></p><h3 id="m2">com.inetbanking.testCases.TC_Login_DDT_002#loginDDT</h3><table class="result"><tr class="param"><th>Parameter #1</th><th>Parameter #2</th></tr><tr class="param stripe"><td>suresh@williamscommerce.com</td><td>121212</td></tr><tr><th colspan="2">Exception</th></tr><tr><td colspan="2"><div class="stacktrace">java.lang.AssertionError: expected [true] but found [false]
	at com.inetbanking.testCases.TC_Login_DDT_002.loginDDT(TC_Login_DDT_002.java:66)
... Removed 31 stack frames</div></td></tr></table><p class="totop"><a href="#summary">back to summary</a></p><h3 id="m3">com.inetbanking.testCases.TC_Register_Test003#register</h3><table class="result"><tr><th>Exception</th></tr><tr><td><div class="stacktrace">java.lang.AssertionError: expected [true] but found [false]
	at com.inetbanking.testCases.TC_Register_Test003.register(TC_Register_Test003.java:52)
... Removed 31 stack frames</div></td></tr></table><p class="totop"><a href="#summary">back to summary</a></p><h3 id="m4">com.inetbanking.testCases.TC_Categ_Test004#Catclick</h3><table class="result"></table><p class="totop"><a href="#summary">back to summary</a></p><h3 id="m5">com.inetbanking.testCases.TC_Login_DDT_002#loginDDT</h3><table class="result"><tr class="param"><th>Parameter #1</th><th>Parameter #2</th></tr><tr class="param stripe"><td>suresh@williamscommerce.com</td><td>123456</td></tr></table><p class="totop"><a href="#summary">back to summary</a></p><h3 id="m6">com.inetbanking.testCases.TC_Login_Test001#logintest</h3><table class="result"></table><p class="totop"><a href="#summary">back to summary</a></p><h2>cloudfy Test1</h2></body></html>